  SYNC    include/config/auto.conf.cmd
  HOSTCC  scripts/basic/fixdep
  HOSTCC  scripts/kconfig/conf.o
  HOSTCC  scripts/kconfig/confdata.o
  HOSTCC  scripts/kconfig/expr.o
  LEX     scripts/kconfig/lexer.lex.c
  YACC    scripts/kconfig/parser.tab.[ch]
  HOSTCC  scripts/kconfig/preprocess.o
  HOSTCC  scripts/kconfig/symbol.o
  HOSTCC  scripts/kconfig/util.o
  HOSTCC  scripts/kconfig/lexer.lex.o
  HOSTCC  scripts/kconfig/parser.tab.o
  HOSTLD  scripts/kconfig/conf
*
* Restart config...
*
*
* Mitigations for speculative execution vulnerabilities
*
Mitigations for speculative execution vulnerabilities (SPECULATION_MITIGATIONS) [Y/n/?] (NEW) 
  Remove the kernel mapping in user mode (PAGE_TABLE_ISOLATION) [Y/n/?] y
  Avoid speculative indirect branches in kernel (RETPOLINE) [Y/n/?] y
    Enable return-thunks (RETHUNK) [Y/n/?] (NEW) 
      Enable UNRET on kernel entry (CPU_UNRET_ENTRY) [Y/n/?] (NEW) 
  Enable IBPB on kernel entry (CPU_IBPB_ENTRY) [Y/n/?] (NEW) 
  Enable IBRS on kernel entry (CPU_IBRS_ENTRY) [Y/n/?] (NEW) 
  Mitigate Straight-Line-Speculation (SLS) [N/y/?] (NEW) 
*
* Networking options
*
Packet socket (PACKET) [Y/n/m/?] y
  Packet: sockets monitoring interface (PACKET_DIAG) [Y/n/m/?] y
Unix domain sockets (UNIX) [Y/n/m/?] y
  UNIX: socket monitoring interface (UNIX_DIAG) [Y/n/m/?] y
Transport Layer Security support (TLS) [N/m/y/?] n
Transformation user configuration interface (XFRM_USER) [Y/n/m/?] y
  Compatible ABI support (XFRM_USER_COMPAT) [N/m/y/?] n
Transformation virtual interface (XFRM_INTERFACE) [N/m/y/?] n
Transformation sub policy support (XFRM_SUB_POLICY) [N/y/?] n
Transformation migrate database (XFRM_MIGRATE) [N/y/?] n
Transformation statistics (XFRM_STATISTICS) [N/y/?] n
PF_KEY sockets (NET_KEY) [N/m/y/?] n
XDP sockets (XDP_SOCKETS) [N/y/?] n
TCP/IP networking (INET) [Y/n/?] y
  IP: multicasting (IP_MULTICAST) [N/y/?] n
  IP: advanced router (IP_ADVANCED_ROUTER) [Y/n/?] y
    FIB TRIE statistics (IP_FIB_TRIE_STATS) [N/y/?] n
    IP: policy routing (IP_MULTIPLE_TABLES) [Y/n/?] y
    IP: equal cost multipath (IP_ROUTE_MULTIPATH) [N/y/?] n
    IP: verbose route monitoring (IP_ROUTE_VERBOSE) [N/y/?] n
  IP: kernel level autoconfiguration (IP_PNP) [Y/n/?] y
    IP: DHCP support (IP_PNP_DHCP) [Y/n/?] y
    IP: BOOTP support (IP_PNP_BOOTP) [N/y/?] n
    IP: RARP support (IP_PNP_RARP) [N/y/?] n
  IP: tunneling (NET_IPIP) [Y/n/m/?] y
  IP: GRE demultiplexer (NET_IPGRE_DEMUX) [N/m/y/?] n
  IP: TCP syncookie support (SYN_COOKIES) [Y/?] y
  Virtual (secure) IP: tunneling (NET_IPVTI) [N/m/y/?] n
  IP: Foo (IP protocols) over UDP (NET_FOU) [N/m/y/?] n
  IP: FOU encapsulation of IP tunnels (NET_FOU_IP_TUNNELS) [N/y/?] n
  IP: AH transformation (INET_AH) [N/m/y/?] n
  IP: ESP transformation (INET_ESP) [Y/n/m/?] y
    IP: ESP transformation offload (INET_ESP_OFFLOAD) [N/m/y/?] n
    IP: ESP in TCP encapsulation (RFC 8229) (INET_ESPINTCP) [N/y/?] n
  IP: IPComp transformation (INET_IPCOMP) [N/m/y/?] n
  INET: Source port perturbation table size (as power of 2) (INET_TABLE_PERTURB_ORDER) [16] (NEW) 
  INET: socket monitoring interface (INET_DIAG) [Y/n/m/?] y
    UDP: socket monitoring interface (INET_UDP_DIAG) [Y/n/m/?] y
    RAW: socket monitoring interface (INET_RAW_DIAG) [Y/n/m/?] y
    INET: allow privileged process to administratively close sockets (INET_DIAG_DESTROY) [N/y/?] n
  TCP: MD5 Signature Option support (RFC2385) (TCP_MD5SIG) [N/y/?] n
  NetLabel subsystem support (NETLABEL) [N/y/?] n
  MPTCP: Multipath TCP (MPTCP) [N/y/?] n
Security Marking (NETWORK_SECMARK) [Y/n/?] y
Timestamping in PHY devices (NETWORK_PHY_TIMESTAMPING) [Y/n/?] y
The Reliable Datagram Sockets Protocol (RDS) [N/m/y/?] n
Asynchronous Transfer Mode (ATM) (ATM) [N/m/y/?] n
802.1d Ethernet Bridging (BRIDGE) [Y/n/m/?] y
  IGMP/MLD snooping (BRIDGE_IGMP_SNOOPING) [Y/n/?] y
  VLAN filtering (BRIDGE_VLAN_FILTERING) [Y/n/?] y
  MRP protocol (BRIDGE_MRP) [N/y/?] n
802.1Q/802.1ad VLAN Support (VLAN_8021Q) [Y/n/m/?] y
  GVRP (GARP VLAN Registration Protocol) support (VLAN_8021Q_GVRP) [N/y/?] n
  MVRP (Multiple VLAN Registration Protocol) support (VLAN_8021Q_MVRP) [N/y/?] n
ANSI/IEEE 802.2 LLC type 2 Support (LLC2) [N/m/y/?] n
Appletalk protocol support (ATALK) [N/m/y/?] n
CCITT X.25 Packet Layer (X25) [N/m/y/?] n
LAPB Data Link Driver (LAPB) [N/m/y/?] n
Phonet protocols family (PHONET) [N/m/y/?] n
Data Center Bridging support (DCB) [N/y/?] n
DNS Resolver support (DNS_RESOLVER) [Y/?] y
B.A.T.M.A.N. Advanced Meshing Protocol (BATMAN_ADV) [N/m/y/?] n
Open vSwitch (OPENVSWITCH) [N/m/y/?] n
Virtual Socket protocol (VSOCKETS) [Y/n/m/?] y
  Virtual Sockets monitoring interface (VSOCKETS_DIAG) [Y/n/m/?] y
  Virtual Sockets loopback transport (VSOCKETS_LOOPBACK) [N/m/y/?] n
  virtio transport for Virtual Sockets (VIRTIO_VSOCKETS) [N/m/y/?] n
Hyper-V transport for Virtual Sockets (HYPERV_VSOCKETS) [Y/n/m/?] y
NETLINK: socket monitoring interface (NETLINK_DIAG) [Y/n/m/?] y
High-availability Seamless Redundancy (HSR & PRP) (HSR) [N/m/y/?] n
Switch (and switch-ish) device support (NET_SWITCHDEV) [Y/n/?] y
L3 Master device support (NET_L3_MASTER_DEV) [Y/?] y
Qualcomm IPC Router support (QRTR) [N/m/y/?] n
NCSI interface support (NET_NCSI) [N/y/?] n
Network priority cgroup (CGROUP_NET_PRIO) [Y/n/?] y
Network classid cgroup (CGROUP_NET_CLASSID) [Y/?] y
enable BPF Just In Time compiler (BPF_JIT) [Y/n/?] y
enable BPF STREAM_PARSER (BPF_STREAM_PARSER) [N/y/?] n
  SYSTBL  arch/x86/include/generated/asm/syscalls_32.h
  WRAP    arch/x86/include/generated/uapi/asm/bpf_perf_event.h
  WRAP    arch/x86/include/generated/uapi/asm/errno.h
  WRAP    arch/x86/include/generated/uapi/asm/fcntl.h
  WRAP    arch/x86/include/generated/uapi/asm/ioctl.h
  WRAP    arch/x86/include/generated/uapi/asm/ioctls.h
  WRAP    arch/x86/include/generated/uapi/asm/ipcbuf.h
  WRAP    arch/x86/include/generated/uapi/asm/param.h
  WRAP    arch/x86/include/generated/uapi/asm/poll.h
  WRAP    arch/x86/include/generated/uapi/asm/resource.h
  WRAP    arch/x86/include/generated/uapi/asm/socket.h
  WRAP    arch/x86/include/generated/uapi/asm/sockios.h
  WRAP    arch/x86/include/generated/uapi/asm/termbits.h
  WRAP    arch/x86/include/generated/uapi/asm/termios.h
  WRAP    arch/x86/include/generated/uapi/asm/types.h
  HOSTCC  arch/x86/tools/relocs_32.o
  HOSTCC  arch/x86/tools/relocs_64.o
  HOSTCC  arch/x86/tools/relocs_common.o
  HOSTLD  arch/x86/tools/relocs
  UPD     include/config/kernel.release
  WRAP    arch/x86/include/generated/asm/early_ioremap.h
  WRAP    arch/x86/include/generated/asm/export.h
  WRAP    arch/x86/include/generated/asm/mcs_spinlock.h
  WRAP    arch/x86/include/generated/asm/irq_regs.h
  WRAP    arch/x86/include/generated/asm/local64.h
  WRAP    arch/x86/include/generated/asm/mm-arch-hooks.h
  WRAP    arch/x86/include/generated/asm/mmiowb.h
  WRAP    arch/x86/include/generated/asm/module.lds.h
  WRAP    arch/x86/include/generated/asm/rwonce.h
  UPD     include/generated/uapi/linux/version.h
  UPD     include/generated/utsrelease.h
  HOSTCC  scripts/genksyms/genksyms.o
  YACC    scripts/genksyms/parse.tab.[ch]
  LEX     scripts/genksyms/lex.lex.c
  HOSTCC  scripts/genksyms/parse.tab.o
  HOSTCC  scripts/genksyms/lex.lex.o
  HOSTLD  scripts/genksyms/genksyms
  HOSTCC  scripts/kallsyms
  HOSTCC  scripts/recordmcount
  HOSTCC  scripts/sorttable
  HOSTCC  scripts/asn1_compiler
  HOSTCC  scripts/extract-cert
  DESCEND  objtool
  HOSTCC   /home/tienyu/wsl2-build-ci/WslKernelBuild/buildHandler/linux-5.10.188/tools/objtool/fixdep.o
  HOSTLD   /home/tienyu/wsl2-build-ci/WslKernelBuild/buildHandler/linux-5.10.188/tools/objtool/fixdep-in.o
  LINK     /home/tienyu/wsl2-build-ci/WslKernelBuild/buildHandler/linux-5.10.188/tools/objtool/fixdep
  CC       /home/tienyu/wsl2-build-ci/WslKernelBuild/buildHandler/linux-5.10.188/tools/objtool/exec-cmd.o
  SYSHDR  arch/x86/include/generated/asm/unistd_32_ia32.h
  SYSHDR  arch/x86/include/generated/asm/unistd_64_x32.h
  SYSTBL  arch/x86/include/generated/asm/syscalls_64.h
  CC       /home/tienyu/wsl2-build-ci/WslKernelBuild/buildHandler/linux-5.10.188/tools/objtool/help.o
  CC       /home/tienyu/wsl2-build-ci/WslKernelBuild/buildHandler/linux-5.10.188/tools/objtool/pager.o
  CC       /home/tienyu/wsl2-build-ci/WslKernelBuild/buildHandler/linux-5.10.188/tools/objtool/parse-options.o
  CC       /home/tienyu/wsl2-build-ci/WslKernelBuild/buildHandler/linux-5.10.188/tools/objtool/run-command.o
  CC       /home/tienyu/wsl2-build-ci/WslKernelBuild/buildHandler/linux-5.10.188/tools/objtool/sigchain.o
  CC       /home/tienyu/wsl2-build-ci/WslKernelBuild/buildHandler/linux-5.10.188/tools/objtool/subcmd-config.o
  LD       /home/tienyu/wsl2-build-ci/WslKernelBuild/buildHandler/linux-5.10.188/tools/objtool/libsubcmd-in.o
  AR       /home/tienyu/wsl2-build-ci/WslKernelBuild/buildHandler/linux-5.10.188/tools/objtool/libsubcmd.a
  CC       /home/tienyu/wsl2-build-ci/WslKernelBuild/buildHandler/linux-5.10.188/tools/objtool/arch/x86/special.o
  MKDIR    /home/tienyu/wsl2-build-ci/WslKernelBuild/buildHandler/linux-5.10.188/tools/objtool/arch/x86/lib/
  GEN      /home/tienyu/wsl2-build-ci/WslKernelBuild/buildHandler/linux-5.10.188/tools/objtool/arch/x86/lib/inat-tables.c
  CC       /home/tienyu/wsl2-build-ci/WslKernelBuild/buildHandler/linux-5.10.188/tools/objtool/arch/x86/decode.o
  LD       /home/tienyu/wsl2-build-ci/WslKernelBuild/buildHandler/linux-5.10.188/tools/objtool/arch/x86/objtool-in.o
  CC       /home/tienyu/wsl2-build-ci/WslKernelBuild/buildHandler/linux-5.10.188/tools/objtool/weak.o
  CC       /home/tienyu/wsl2-build-ci/WslKernelBuild/buildHandler/linux-5.10.188/tools/objtool/check.o
  CC       /home/tienyu/wsl2-build-ci/WslKernelBuild/buildHandler/linux-5.10.188/tools/objtool/special.o
  CC       /home/tienyu/wsl2-build-ci/WslKernelBuild/buildHandler/linux-5.10.188/tools/objtool/orc_gen.o
  CC       /home/tienyu/wsl2-build-ci/WslKernelBuild/buildHandler/linux-5.10.188/tools/objtool/orc_dump.o
  CC       /home/tienyu/wsl2-build-ci/WslKernelBuild/buildHandler/linux-5.10.188/tools/objtool/builtin-check.o
  CC       /home/tienyu/wsl2-build-ci/WslKernelBuild/buildHandler/linux-5.10.188/tools/objtool/builtin-orc.o
  CC       /home/tienyu/wsl2-build-ci/WslKernelBuild/buildHandler/linux-5.10.188/tools/objtool/elf.o
  CC       /home/tienyu/wsl2-build-ci/WslKernelBuild/buildHandler/linux-5.10.188/tools/objtool/objtool.o
  CC       /home/tienyu/wsl2-build-ci/WslKernelBuild/buildHandler/linux-5.10.188/tools/objtool/libstring.o
  CC       /home/tienyu/wsl2-build-ci/WslKernelBuild/buildHandler/linux-5.10.188/tools/objtool/libctype.o
  SYSHDR  arch/x86/include/generated/uapi/asm/unistd_32.h
  CC       /home/tienyu/wsl2-build-ci/WslKernelBuild/buildHandler/linux-5.10.188/tools/objtool/str_error_r.o
  SYSHDR  arch/x86/include/generated/uapi/asm/unistd_64.h
  CC       /home/tienyu/wsl2-build-ci/WslKernelBuild/buildHandler/linux-5.10.188/tools/objtool/librbtree.o
  SYSHDR  arch/x86/include/generated/uapi/asm/unistd_x32.h
  DESCEND  bpf/resolve_btfids
  LD       /home/tienyu/wsl2-build-ci/WslKernelBuild/buildHandler/linux-5.10.188/tools/objtool/objtool-in.o
  MKDIR     /home/tienyu/wsl2-build-ci/WslKernelBuild/buildHandler/linux-5.10.188/tools/bpf/resolve_btfids//libbpf
  LINK     /home/tienyu/wsl2-build-ci/WslKernelBuild/buildHandler/linux-5.10.188/tools/objtool/objtool
  HOSTCC   /home/tienyu/wsl2-build-ci/WslKernelBuild/buildHandler/linux-5.10.188/tools/bpf/resolve_btfids/fixdep.o
  CC      scripts/mod/empty.o
  HOSTLD   /home/tienyu/wsl2-build-ci/WslKernelBuild/buildHandler/linux-5.10.188/tools/bpf/resolve_btfids/fixdep-in.o
  LINK     /home/tienyu/wsl2-build-ci/WslKernelBuild/buildHandler/linux-5.10.188/tools/bpf/resolve_btfids/fixdep
  MKDIR     /home/tienyu/wsl2-build-ci/WslKernelBuild/buildHandler/linux-5.10.188/tools/bpf/resolve_btfids//libsubcmd
  CC       /home/tienyu/wsl2-build-ci/WslKernelBuild/buildHandler/linux-5.10.188/tools/bpf/resolve_btfids/main.o
  HOSTCC  scripts/mod/mk_elfconfig
  CC      scripts/mod/devicetable-offsets.s
  CC       /home/tienyu/wsl2-build-ci/WslKernelBuild/buildHandler/linux-5.10.188/tools/bpf/resolve_btfids/rbtree.o
  MKELF   scripts/mod/elfconfig.h
  HOSTCC  scripts/mod/modpost.o
  CC       /home/tienyu/wsl2-build-ci/WslKernelBuild/buildHandler/linux-5.10.188/tools/bpf/resolve_btfids/zalloc.o
  CC       /home/tienyu/wsl2-build-ci/WslKernelBuild/buildHandler/linux-5.10.188/tools/bpf/resolve_btfids/string.o
  CC       /home/tienyu/wsl2-build-ci/WslKernelBuild/buildHandler/linux-5.10.188/tools/bpf/resolve_btfids/ctype.o
  CC       /home/tienyu/wsl2-build-ci/WslKernelBuild/buildHandler/linux-5.10.188/tools/bpf/resolve_btfids/str_error_r.o
  LD       /home/tienyu/wsl2-build-ci/WslKernelBuild/buildHandler/linux-5.10.188/tools/bpf/resolve_btfids/resolve_btfids-in.o
  UPD     scripts/mod/devicetable-offsets.h
  HOSTCC  scripts/mod/sumversion.o

Auto-detecting system features:
...                        libelf: [ [32mon[m  ]
...                          zlib: [ [32mon[m  ]
...                           bpf: [ [32mon[m  ]

  GEN      /home/tienyu/wsl2-build-ci/WslKernelBuild/buildHandler/linux-5.10.188/tools/bpf/resolve_btfids/libbpf/bpf_helper_defs.h
  HOSTCC  scripts/mod/file2alias.o
  HOSTLD  scripts/mod/modpost
  CC      kernel/bounds.s
  UPD     include/generated/timeconst.h
  CALL    scripts/atomic/check-atomics.sh
  UPD     include/generated/bounds.h
  CC      arch/x86/kernel/asm-offsets.s
  UPD     include/generated/asm-offsets.h
  CALL    scripts/checksyscalls.sh
  SYNC    include/config/auto.conf.cmd
  HOSTCC  scripts/basic/fixdep
  HOSTCC  scripts/kconfig/conf.o
  HOSTCC  scripts/kconfig/confdata.o
  HOSTCC  scripts/kconfig/expr.o
  LEX     scripts/kconfig/lexer.lex.c
  YACC    scripts/kconfig/parser.tab.[ch]
  HOSTCC  scripts/kconfig/preprocess.o
  HOSTCC  scripts/kconfig/symbol.o
  HOSTCC  scripts/kconfig/util.o
  HOSTCC  scripts/kconfig/lexer.lex.o
  HOSTCC  scripts/kconfig/parser.tab.o
  HOSTLD  scripts/kconfig/conf
*
* Restart config...
*
*
* Mitigations for speculative execution vulnerabilities
*
Mitigations for speculative execution vulnerabilities (SPECULATION_MITIGATIONS) [Y/n/?] (NEW) 
  Remove the kernel mapping in user mode (PAGE_TABLE_ISOLATION) [Y/n/?] y
  Avoid speculative indirect branches in kernel (RETPOLINE) [Y/n/?] y
    Enable return-thunks (RETHUNK) [Y/n/?] (NEW) 
      Enable UNRET on kernel entry (CPU_UNRET_ENTRY) [Y/n/?] (NEW) 
  Enable IBPB on kernel entry (CPU_IBPB_ENTRY) [Y/n/?] (NEW) 
  Enable IBRS on kernel entry (CPU_IBRS_ENTRY) [Y/n/?] (NEW) 
  Mitigate Straight-Line-Speculation (SLS) [N/y/?] (NEW) 
*
* Networking options
*
Packet socket (PACKET) [Y/n/m/?] y
  Packet: sockets monitoring interface (PACKET_DIAG) [Y/n/m/?] y
Unix domain sockets (UNIX) [Y/n/m/?] y
  UNIX: socket monitoring interface (UNIX_DIAG) [Y/n/m/?] y
Transport Layer Security support (TLS) [N/m/y/?] n
Transformation user configuration interface (XFRM_USER) [Y/n/m/?] y
  Compatible ABI support (XFRM_USER_COMPAT) [N/m/y/?] n
Transformation virtual interface (XFRM_INTERFACE) [N/m/y/?] n
Transformation sub policy support (XFRM_SUB_POLICY) [N/y/?] n
Transformation migrate database (XFRM_MIGRATE) [N/y/?] n
Transformation statistics (XFRM_STATISTICS) [N/y/?] n
PF_KEY sockets (NET_KEY) [N/m/y/?] n
XDP sockets (XDP_SOCKETS) [N/y/?] n
TCP/IP networking (INET) [Y/n/?] y
  IP: multicasting (IP_MULTICAST) [N/y/?] n
  IP: advanced router (IP_ADVANCED_ROUTER) [Y/n/?] y
    FIB TRIE statistics (IP_FIB_TRIE_STATS) [N/y/?] n
    IP: policy routing (IP_MULTIPLE_TABLES) [Y/n/?] y
    IP: equal cost multipath (IP_ROUTE_MULTIPATH) [N/y/?] n
    IP: verbose route monitoring (IP_ROUTE_VERBOSE) [N/y/?] n
  IP: kernel level autoconfiguration (IP_PNP) [Y/n/?] y
    IP: DHCP support (IP_PNP_DHCP) [Y/n/?] y
    IP: BOOTP support (IP_PNP_BOOTP) [N/y/?] n
    IP: RARP support (IP_PNP_RARP) [N/y/?] n
  IP: tunneling (NET_IPIP) [Y/n/m/?] y
  IP: GRE demultiplexer (NET_IPGRE_DEMUX) [N/m/y/?] n
  IP: TCP syncookie support (SYN_COOKIES) [Y/?] y
  Virtual (secure) IP: tunneling (NET_IPVTI) [N/m/y/?] n
  IP: Foo (IP protocols) over UDP (NET_FOU) [N/m/y/?] n
  IP: FOU encapsulation of IP tunnels (NET_FOU_IP_TUNNELS) [N/y/?] n
  IP: AH transformation (INET_AH) [N/m/y/?] n
  IP: ESP transformation (INET_ESP) [Y/n/m/?] y
    IP: ESP transformation offload (INET_ESP_OFFLOAD) [N/m/y/?] n
    IP: ESP in TCP encapsulation (RFC 8229) (INET_ESPINTCP) [N/y/?] n
  IP: IPComp transformation (INET_IPCOMP) [N/m/y/?] n
  INET: Source port perturbation table size (as power of 2) (INET_TABLE_PERTURB_ORDER) [16] (NEW) 
  INET: socket monitoring interface (INET_DIAG) [Y/n/m/?] y
    UDP: socket monitoring interface (INET_UDP_DIAG) [Y/n/m/?] y
    RAW: socket monitoring interface (INET_RAW_DIAG) [Y/n/m/?] y
    INET: allow privileged process to administratively close sockets (INET_DIAG_DESTROY) [N/y/?] n
  TCP: MD5 Signature Option support (RFC2385) (TCP_MD5SIG) [N/y/?] n
  NetLabel subsystem support (NETLABEL) [N/y/?] n
  MPTCP: Multipath TCP (MPTCP) [N/y/?] n
Security Marking (NETWORK_SECMARK) [Y/n/?] y
Timestamping in PHY devices (NETWORK_PHY_TIMESTAMPING) [Y/n/?] y
The Reliable Datagram Sockets Protocol (RDS) [N/m/y/?] n
Asynchronous Transfer Mode (ATM) (ATM) [N/m/y/?] n
802.1d Ethernet Bridging (BRIDGE) [Y/n/m/?] y
  IGMP/MLD snooping (BRIDGE_IGMP_SNOOPING) [Y/n/?] y
  VLAN filtering (BRIDGE_VLAN_FILTERING) [Y/n/?] y
  MRP protocol (BRIDGE_MRP) [N/y/?] n
802.1Q/802.1ad VLAN Support (VLAN_8021Q) [Y/n/m/?] y
  GVRP (GARP VLAN Registration Protocol) support (VLAN_8021Q_GVRP) [N/y/?] n
  MVRP (Multiple VLAN Registration Protocol) support (VLAN_8021Q_MVRP) [N/y/?] n
ANSI/IEEE 802.2 LLC type 2 Support (LLC2) [N/m/y/?] n
Appletalk protocol support (ATALK) [N/m/y/?] n
CCITT X.25 Packet Layer (X25) [N/m/y/?] n
LAPB Data Link Driver (LAPB) [N/m/y/?] n
Phonet protocols family (PHONET) [N/m/y/?] n
Data Center Bridging support (DCB) [N/y/?] n
DNS Resolver support (DNS_RESOLVER) [Y/?] y
B.A.T.M.A.N. Advanced Meshing Protocol (BATMAN_ADV) [N/m/y/?] n
Open vSwitch (OPENVSWITCH) [N/m/y/?] n
Virtual Socket protocol (VSOCKETS) [Y/n/m/?] y
  Virtual Sockets monitoring interface (VSOCKETS_DIAG) [Y/n/m/?] y
  Virtual Sockets loopback transport (VSOCKETS_LOOPBACK) [N/m/y/?] n
  virtio transport for Virtual Sockets (VIRTIO_VSOCKETS) [N/m/y/?] n
Hyper-V transport for Virtual Sockets (HYPERV_VSOCKETS) [Y/n/m/?] y
NETLINK: socket monitoring interface (NETLINK_DIAG) [Y/n/m/?] y
High-availability Seamless Redundancy (HSR & PRP) (HSR) [N/m/y/?] n
Switch (and switch-ish) device support (NET_SWITCHDEV) [Y/n/?] y
L3 Master device support (NET_L3_MASTER_DEV) [Y/?] y
Qualcomm IPC Router support (QRTR) [N/m/y/?] n
NCSI interface support (NET_NCSI) [N/y/?] n
Network priority cgroup (CGROUP_NET_PRIO) [Y/n/?] y
Network classid cgroup (CGROUP_NET_CLASSID) [Y/?] y
enable BPF Just In Time compiler (BPF_JIT) [Y/n/?] y
enable BPF STREAM_PARSER (BPF_STREAM_PARSER) [N/y/?] n
  SYSTBL  arch/x86/include/generated/asm/syscalls_32.h
  WRAP    arch/x86/include/generated/uapi/asm/bpf_perf_event.h
  WRAP    arch/x86/include/generated/uapi/asm/errno.h
  WRAP    arch/x86/include/generated/uapi/asm/fcntl.h
  WRAP    arch/x86/include/generated/uapi/asm/ioctl.h
  WRAP    arch/x86/include/generated/uapi/asm/ioctls.h
  WRAP    arch/x86/include/generated/uapi/asm/ipcbuf.h
  WRAP    arch/x86/include/generated/uapi/asm/param.h
  WRAP    arch/x86/include/generated/uapi/asm/poll.h
  WRAP    arch/x86/include/generated/uapi/asm/resource.h
  WRAP    arch/x86/include/generated/uapi/asm/socket.h
  WRAP    arch/x86/include/generated/uapi/asm/sockios.h
  WRAP    arch/x86/include/generated/uapi/asm/termbits.h
  WRAP    arch/x86/include/generated/uapi/asm/termios.h
  WRAP    arch/x86/include/generated/uapi/asm/types.h
  HOSTCC  arch/x86/tools/relocs_32.o
  HOSTCC  arch/x86/tools/relocs_64.o
  HOSTCC  arch/x86/tools/relocs_common.o
  HOSTLD  arch/x86/tools/relocs
  UPD     include/config/kernel.release
  WRAP    arch/x86/include/generated/asm/early_ioremap.h
  WRAP    arch/x86/include/generated/asm/export.h
  WRAP    arch/x86/include/generated/asm/mcs_spinlock.h
  WRAP    arch/x86/include/generated/asm/irq_regs.h
  WRAP    arch/x86/include/generated/asm/local64.h
  WRAP    arch/x86/include/generated/asm/mm-arch-hooks.h
  WRAP    arch/x86/include/generated/asm/mmiowb.h
  WRAP    arch/x86/include/generated/asm/module.lds.h
  WRAP    arch/x86/include/generated/asm/rwonce.h
  UPD     include/generated/uapi/linux/version.h
  UPD     include/generated/utsrelease.h
  HOSTCC  scripts/genksyms/genksyms.o
  YACC    scripts/genksyms/parse.tab.[ch]
  LEX     scripts/genksyms/lex.lex.c
  HOSTCC  scripts/genksyms/parse.tab.o
  HOSTCC  scripts/genksyms/lex.lex.o
  HOSTLD  scripts/genksyms/genksyms
  HOSTCC  scripts/kallsyms
  HOSTCC  scripts/recordmcount
  HOSTCC  scripts/sorttable
  HOSTCC  scripts/asn1_compiler
  HOSTCC  scripts/extract-cert
  DESCEND  objtool
  HOSTCC   /home/tienyu/wsl2-build-ci/WslKernelBuild/buildHandler/linux-5.10.188/tools/objtool/fixdep.o
  HOSTLD   /home/tienyu/wsl2-build-ci/WslKernelBuild/buildHandler/linux-5.10.188/tools/objtool/fixdep-in.o
  LINK     /home/tienyu/wsl2-build-ci/WslKernelBuild/buildHandler/linux-5.10.188/tools/objtool/fixdep
  CC       /home/tienyu/wsl2-build-ci/WslKernelBuild/buildHandler/linux-5.10.188/tools/objtool/exec-cmd.o
  CC       /home/tienyu/wsl2-build-ci/WslKernelBuild/buildHandler/linux-5.10.188/tools/objtool/help.o
  SYSHDR  arch/x86/include/generated/asm/unistd_32_ia32.h
  SYSHDR  arch/x86/include/generated/asm/unistd_64_x32.h
  SYSTBL  arch/x86/include/generated/asm/syscalls_64.h
  CC       /home/tienyu/wsl2-build-ci/WslKernelBuild/buildHandler/linux-5.10.188/tools/objtool/pager.o
  CC       /home/tienyu/wsl2-build-ci/WslKernelBuild/buildHandler/linux-5.10.188/tools/objtool/parse-options.o
  CC       /home/tienyu/wsl2-build-ci/WslKernelBuild/buildHandler/linux-5.10.188/tools/objtool/run-command.o
  CC       /home/tienyu/wsl2-build-ci/WslKernelBuild/buildHandler/linux-5.10.188/tools/objtool/sigchain.o
  CC       /home/tienyu/wsl2-build-ci/WslKernelBuild/buildHandler/linux-5.10.188/tools/objtool/subcmd-config.o
  LD       /home/tienyu/wsl2-build-ci/WslKernelBuild/buildHandler/linux-5.10.188/tools/objtool/libsubcmd-in.o
  AR       /home/tienyu/wsl2-build-ci/WslKernelBuild/buildHandler/linux-5.10.188/tools/objtool/libsubcmd.a
  CC       /home/tienyu/wsl2-build-ci/WslKernelBuild/buildHandler/linux-5.10.188/tools/objtool/arch/x86/special.o
  MKDIR    /home/tienyu/wsl2-build-ci/WslKernelBuild/buildHandler/linux-5.10.188/tools/objtool/arch/x86/lib/
  GEN      /home/tienyu/wsl2-build-ci/WslKernelBuild/buildHandler/linux-5.10.188/tools/objtool/arch/x86/lib/inat-tables.c
  CC       /home/tienyu/wsl2-build-ci/WslKernelBuild/buildHandler/linux-5.10.188/tools/objtool/arch/x86/decode.o
  LD       /home/tienyu/wsl2-build-ci/WslKernelBuild/buildHandler/linux-5.10.188/tools/objtool/arch/x86/objtool-in.o
  CC       /home/tienyu/wsl2-build-ci/WslKernelBuild/buildHandler/linux-5.10.188/tools/objtool/weak.o
  CC       /home/tienyu/wsl2-build-ci/WslKernelBuild/buildHandler/linux-5.10.188/tools/objtool/check.o
  CC       /home/tienyu/wsl2-build-ci/WslKernelBuild/buildHandler/linux-5.10.188/tools/objtool/special.o
  CC       /home/tienyu/wsl2-build-ci/WslKernelBuild/buildHandler/linux-5.10.188/tools/objtool/orc_gen.o
  CC       /home/tienyu/wsl2-build-ci/WslKernelBuild/buildHandler/linux-5.10.188/tools/objtool/orc_dump.o
  CC       /home/tienyu/wsl2-build-ci/WslKernelBuild/buildHandler/linux-5.10.188/tools/objtool/builtin-check.o
  CC       /home/tienyu/wsl2-build-ci/WslKernelBuild/buildHandler/linux-5.10.188/tools/objtool/builtin-orc.o
  CC       /home/tienyu/wsl2-build-ci/WslKernelBuild/buildHandler/linux-5.10.188/tools/objtool/elf.o
  CC       /home/tienyu/wsl2-build-ci/WslKernelBuild/buildHandler/linux-5.10.188/tools/objtool/objtool.o
  CC       /home/tienyu/wsl2-build-ci/WslKernelBuild/buildHandler/linux-5.10.188/tools/objtool/libstring.o
  CC       /home/tienyu/wsl2-build-ci/WslKernelBuild/buildHandler/linux-5.10.188/tools/objtool/libctype.o
  CC       /home/tienyu/wsl2-build-ci/WslKernelBuild/buildHandler/linux-5.10.188/tools/objtool/str_error_r.o
  CC       /home/tienyu/wsl2-build-ci/WslKernelBuild/buildHandler/linux-5.10.188/tools/objtool/librbtree.o
  SYSHDR  arch/x86/include/generated/uapi/asm/unistd_32.h
  SYSHDR  arch/x86/include/generated/uapi/asm/unistd_64.h
  LD       /home/tienyu/wsl2-build-ci/WslKernelBuild/buildHandler/linux-5.10.188/tools/objtool/objtool-in.o
  LINK     /home/tienyu/wsl2-build-ci/WslKernelBuild/buildHandler/linux-5.10.188/tools/objtool/objtool
  SYSHDR  arch/x86/include/generated/uapi/asm/unistd_x32.h
  DESCEND  bpf/resolve_btfids
  CC      scripts/mod/empty.o
  MKDIR     /home/tienyu/wsl2-build-ci/WslKernelBuild/buildHandler/linux-5.10.188/tools/bpf/resolve_btfids//libbpf
  HOSTCC  scripts/mod/mk_elfconfig
  HOSTCC   /home/tienyu/wsl2-build-ci/WslKernelBuild/buildHandler/linux-5.10.188/tools/bpf/resolve_btfids/fixdep.o
  HOSTLD   /home/tienyu/wsl2-build-ci/WslKernelBuild/buildHandler/linux-5.10.188/tools/bpf/resolve_btfids/fixdep-in.o
  CC      scripts/mod/devicetable-offsets.s
  LINK     /home/tienyu/wsl2-build-ci/WslKernelBuild/buildHandler/linux-5.10.188/tools/bpf/resolve_btfids/fixdep
  MKDIR     /home/tienyu/wsl2-build-ci/WslKernelBuild/buildHandler/linux-5.10.188/tools/bpf/resolve_btfids//libsubcmd
  CC       /home/tienyu/wsl2-build-ci/WslKernelBuild/buildHandler/linux-5.10.188/tools/bpf/resolve_btfids/main.o
  MKELF   scripts/mod/elfconfig.h
  HOSTCC  scripts/mod/modpost.o
  CC       /home/tienyu/wsl2-build-ci/WslKernelBuild/buildHandler/linux-5.10.188/tools/bpf/resolve_btfids/rbtree.o
  CC       /home/tienyu/wsl2-build-ci/WslKernelBuild/buildHandler/linux-5.10.188/tools/bpf/resolve_btfids/zalloc.o
  CC       /home/tienyu/wsl2-build-ci/WslKernelBuild/buildHandler/linux-5.10.188/tools/bpf/resolve_btfids/string.o
  CC       /home/tienyu/wsl2-build-ci/WslKernelBuild/buildHandler/linux-5.10.188/tools/bpf/resolve_btfids/ctype.o
  CC       /home/tienyu/wsl2-build-ci/WslKernelBuild/buildHandler/linux-5.10.188/tools/bpf/resolve_btfids/str_error_r.o
  LD       /home/tienyu/wsl2-build-ci/WslKernelBuild/buildHandler/linux-5.10.188/tools/bpf/resolve_btfids/resolve_btfids-in.o
  UPD     scripts/mod/devicetable-offsets.h
  HOSTCC  scripts/mod/sumversion.o
  HOSTCC  scripts/mod/file2alias.o

Auto-detecting system features:
...                        libelf: [ [32mon[m  ]
...                          zlib: [ [32mon[m  ]
...                           bpf: [ [32mon[m  ]

  GEN      /home/tienyu/wsl2-build-ci/WslKernelBuild/buildHandler/linux-5.10.188/tools/bpf/resolve_btfids/libbpf/bpf_helper_defs.h
  HOSTLD  scripts/mod/modpost
  CC      kernel/bounds.s
  UPD     include/generated/timeconst.h
  CALL    scripts/atomic/check-atomics.sh
  UPD     include/generated/bounds.h
  CC      arch/x86/kernel/asm-offsets.s
  UPD     include/generated/asm-offsets.h
  CALL    scripts/checksyscalls.sh
